<?xml version="1.0" encoding="UTF-8"?>
<testng-results skipped="0" failed="0" total="1" passed="1">
  <reporter-output>
  </reporter-output>
  <suite name="Default suite" duration-ms="282" started-at="2019-08-28T13:39:52Z" finished-at="2019-08-28T13:39:53Z">
    <groups>
    </groups>
    <test name="Default test" duration-ms="282" started-at="2019-08-28T13:39:52Z" finished-at="2019-08-28T13:39:53Z">
      <class name="vijayagit.Module1">
        <test-method status="PASS" signature="add()[pri:0, instance:vijayagit.Module1@2f7c7260]" name="add" duration-ms="45" started-at="2019-08-28T19:09:52Z" finished-at="2019-08-28T19:09:52Z">
          <reporter-output>
          </reporter-output>
        </test-method> <!-- add -->
      </class> <!-- vijayagit.Module1 -->
    </test> <!-- Default test -->
  </suite> <!-- Default suite -->
</testng-results>
